<?xml version="1.0" encoding="UTF-8"?>
<testng-results ignored="0" total="1" passed="1" failed="0" skipped="0">
  <reporter-output>
    <line>
      <![CDATA[Dummy test is executed]]>
    </line>
  </reporter-output>
  <suite started-at="2025-05-07T12:55:34 IST" name="Suite" finished-at="2025-05-07T12:55:34 IST" duration-ms="49">
    <groups>
    </groups>
    <test started-at="2025-05-07T12:55:34 IST" name="Test" finished-at="2025-05-07T12:55:34 IST" duration-ms="49">
      <class name="Dummy_Project.FirstProject">
        <test-method signature="addDummy()[pri:0, instance:Dummy_Project.FirstProject@752325ad]" started-at="2025-05-07T12:55:34 IST" name="addDummy" finished-at="2025-05-07T12:55:34 IST" duration-ms="10" status="PASS">
          <reporter-output>
            <line>
              <![CDATA[Dummy test is executed]]>
            </line>
          </reporter-output>
        </test-method> <!-- addDummy -->
      </class> <!-- Dummy_Project.FirstProject -->
    </test> <!-- Test -->
  </suite> <!-- Suite -->
</testng-results>
